{"event": "session_start", "session_id": "18ea2afe-3fb7-45f5-9146-fa25f7bf118d", "system_version": "1.0.0", "environment": "dev", "start_time": "2026-01-20T09:55:17.005709+00:00Z", "timestamp": "2026-01-20T09:55:17.005+00:00Z"}
{"event": "function_call", "function_name": "query_rag", "file_path": "/workspaces/rag-tutorial-v2/query_data.py", "line_number": 23, "thread_id": 126026898155328, "process_id": 51138, "timestamp": "2026-01-20T09:55:17.009+00:00Z", "args": "('what is a digital loan',)", "kwargs": "{}", "severity": "DEBUG", "session_id": "18ea2afe-3fb7-45f5-9146-fa25f7bf118d"}
{"event": "error", "request_id": "70c228f9-3777-4f9d-bdfd-022c5fbbfc81", "timestamp": "2026-01-20T10:00:17.480+00:00Z", "error": {"type": "ReadError", "message": "[SSL: DECRYPTION_FAILED_OR_BAD_RECORD_MAC] decryption failed or bad record mac (_ssl.c:2559)", "traceback": null}, "severity": "ERROR", "session_id": "18ea2afe-3fb7-45f5-9146-fa25f7bf118d"}
{"event": "function_exception", "function_name": "query_rag", "file_path": "/workspaces/rag-tutorial-v2/query_data.py", "line_number": 23, "thread_id": 126026898155328, "process_id": 51138, "timestamp": "2026-01-20T10:00:17.488+00:00Z", "duration_ms": 300471.15778923035, "error_type": "ReadError", "error_message": "[SSL: DECRYPTION_FAILED_OR_BAD_RECORD_MAC] decryption failed or bad record mac (_ssl.c:2559)", "traceback": "Traceback (most recent call last):\n  File \"/workspaces/rag-tutorial-v2/venv/lib/python3.12/site-packages/httpx/_transports/default.py\", line 101, in map_httpcore_exceptions\n    yield\n  File \"/workspaces/rag-tutorial-v2/venv/lib/python3.12/site-packages/httpx/_transports/default.py\", line 250, in handle_request\n    resp = self._pool.handle_request(req)\n           ^^^^^^^^^^^^^^^^^^^^^^^^^^^^^^\n  File \"/workspaces/rag-tutorial-v2/venv/lib/python3.12/site-packages/httpcore/_sync/connection_pool.py\", line 256, in handle_request\n    raise exc from None\n  File \"/workspaces/rag-tutorial-v2/venv/lib/python3.12/site-packages/httpcore/_sync/connection_pool.py\", line 236, in handle_request\n    response = connection.handle_request(\n               ^^^^^^^^^^^^^^^^^^^^^^^^^^\n  File \"/workspaces/rag-tutorial-v2/venv/lib/python3.12/site-packages/httpcore/_sync/connection.py\", line 103, in handle_request\n    return self._connection.handle_request(request)\n           ^^^^^^^^^^^^^^^^^^^^^^^^^^^^^^^^^^^^^^^^\n  File \"/workspaces/rag-tutorial-v2/venv/lib/python3.12/site-packages/httpcore/_sync/http11.py\", line 136, in handle_request\n    raise exc\n  File \"/workspaces/rag-tutorial-v2/venv/lib/python3.12/site-packages/httpcore/_sync/http11.py\", line 106, in handle_request\n    ) = self._receive_response_headers(**kwargs)\n        ^^^^^^^^^^^^^^^^^^^^^^^^^^^^^^^^^^^^^^^^\n  File \"/workspaces/rag-tutorial-v2/venv/lib/python3.12/site-packages/httpcore/_sync/http11.py\", line 177, in _receive_response_headers\n    event = self._receive_event(timeout=timeout)\n            ^^^^^^^^^^^^^^^^^^^^^^^^^^^^^^^^^^^^\n  File \"/workspaces/rag-tutorial-v2/venv/lib/python3.12/site-packages/httpcore/_sync/http11.py\", line 217, in _receive_event\n    data = self._network_stream.read(\n           ^^^^^^^^^^^^^^^^^^^^^^^^^^\n  File \"/workspaces/rag-tutorial-v2/venv/lib/python3.12/site-packages/httpcore/_backends/sync.py\", line 126, in read\n    with map_exceptions(exc_map):\n  File \"/home/codespace/.python/current/lib/python3.12/contextlib.py\", line 158, in __exit__\n    self.gen.throw(value)\n  File \"/workspaces/rag-tutorial-v2/venv/lib/python3.12/site-packages/httpcore/_exceptions.py\", line 14, in map_exceptions\n    raise to_exc(exc) from exc\nhttpcore.ReadError: [SSL: DECRYPTION_FAILED_OR_BAD_RECORD_MAC] decryption failed or bad record mac (_ssl.c:2559)\n\nThe above exception was the direct cause of the following exception:\n\nTraceback (most recent call last):\n  File \"/workspaces/rag-tutorial-v2/logger/trace.py\", line 65, in wrapper\n    result = func(*args, **kwargs)\n             ^^^^^^^^^^^^^^^^^^^^^\n  File \"/workspaces/rag-tutorial-v2/query_data.py\", line 64, in query_rag\n    results = db.similarity_search_with_score(query_text, k=5)\n              ^^^^^^^^^^^^^^^^^^^^^^^^^^^^^^^^^^^^^^^^^^^^^^^^\n  File \"/workspaces/rag-tutorial-v2/venv/lib/python3.12/site-packages/langchain_chroma/vectorstores.py\", line 848, in similarity_search_with_score\n    query_embedding = self._embedding_function.embed_query(query)\n                      ^^^^^^^^^^^^^^^^^^^^^^^^^^^^^^^^^^^^^^^^^^^\n  File \"/workspaces/rag-tutorial-v2/venv/lib/python3.12/site-packages/langchain_ollama/embeddings.py\", line 307, in embed_query\n    return self.embed_documents([text])[0]\n           ^^^^^^^^^^^^^^^^^^^^^^^^^^^^\n  File \"/workspaces/rag-tutorial-v2/venv/lib/python3.12/site-packages/langchain_ollama/embeddings.py\", line 301, in embed_documents\n    return self._client.embed(\n           ^^^^^^^^^^^^^^^^^^^\n  File \"/workspaces/rag-tutorial-v2/venv/lib/python3.12/site-packages/ollama/_client.py\", line 393, in embed\n    return self._request(\n           ^^^^^^^^^^^^^^\n  File \"/workspaces/rag-tutorial-v2/venv/lib/python3.12/site-packages/ollama/_client.py\", line 189, in _request\n    return cls(**self._request_raw(*args, **kwargs).json())\n                 ^^^^^^^^^^^^^^^^^^^^^^^^^^^^^^^^^^\n  File \"/workspaces/rag-tutorial-v2/venv/lib/python3.12/site-packages/ollama/_client.py\", line 129, in _request_raw\n    r = self._client.request(*args, **kwargs)\n        ^^^^^^^^^^^^^^^^^^^^^^^^^^^^^^^^^^^^^\n  File \"/workspaces/rag-tutorial-v2/venv/lib/python3.12/site-packages/httpx/_client.py\", line 825, in request\n    return self.send(request, auth=auth, follow_redirects=follow_redirects)\n           ^^^^^^^^^^^^^^^^^^^^^^^^^^^^^^^^^^^^^^^^^^^^^^^^^^^^^^^^^^^^^^^^\n  File \"/workspaces/rag-tutorial-v2/venv/lib/python3.12/site-packages/httpx/_client.py\", line 914, in send\n    response = self._send_handling_auth(\n               ^^^^^^^^^^^^^^^^^^^^^^^^^\n  File \"/workspaces/rag-tutorial-v2/venv/lib/python3.12/site-packages/httpx/_client.py\", line 942, in _send_handling_auth\n    response = self._send_handling_redirects(\n               ^^^^^^^^^^^^^^^^^^^^^^^^^^^^^^\n  File \"/workspaces/rag-tutorial-v2/venv/lib/python3.12/site-packages/httpx/_client.py\", line 979, in _send_handling_redirects\n    response = self._send_single_request(request)\n               ^^^^^^^^^^^^^^^^^^^^^^^^^^^^^^^^^^\n  File \"/workspaces/rag-tutorial-v2/venv/lib/python3.12/site-packages/httpx/_client.py\", line 1014, in _send_single_request\n    response = transport.handle_request(request)\n               ^^^^^^^^^^^^^^^^^^^^^^^^^^^^^^^^^\n  File \"/workspaces/rag-tutorial-v2/venv/lib/python3.12/site-packages/httpx/_transports/default.py\", line 249, in handle_request\n    with map_httpcore_exceptions():\n  File \"/home/codespace/.python/current/lib/python3.12/contextlib.py\", line 158, in __exit__\n    self.gen.throw(value)\n  File \"/workspaces/rag-tutorial-v2/venv/lib/python3.12/site-packages/httpx/_transports/default.py\", line 118, in map_httpcore_exceptions\n    raise mapped_exc(message) from exc\nhttpx.ReadError: [SSL: DECRYPTION_FAILED_OR_BAD_RECORD_MAC] decryption failed or bad record mac (_ssl.c:2559)\n", "severity": "ERROR", "session_id": "18ea2afe-3fb7-45f5-9146-fa25f7bf118d"}
